2024-03-25 05:35:13,005 DEBUG    root            Loaded Command Group: ['gcloud', 'auth']
2024-03-25 05:35:13,015 DEBUG    root            Loaded Command Group: ['gcloud', 'auth', 'configure_docker']
2024-03-25 05:35:13,019 DEBUG    root            Running [gcloud.auth.configure-docker] with arguments: [--quiet: "True"]
2024-03-25 05:35:13,381 WARNING  root            Your config file at [/home/jupyter/.docker/config.json] contains these credential helper entries:

{
  "credHelpers": {
    "gcr.io": "gcloud",
    "us.gcr.io": "gcloud",
    "eu.gcr.io": "gcloud",
    "asia.gcr.io": "gcloud",
    "staging-k8s.gcr.io": "gcloud",
    "marketplace.gcr.io": "gcloud"
  }
}
2024-03-25 05:35:13,382 INFO     ___FILE_ONLY___ Adding credentials for all GCR repositories.

2024-03-25 05:35:13,382 WARNING  root            A long list of credential helpers may cause delays running 'docker build'. We recommend passing the registry name to configure only the registry you are using.
2024-03-25 05:35:13,382 INFO     ___FILE_ONLY___ gcloud credential helpers already registered correctly.

2024-03-25 05:35:13,382 DEBUG    root            Chosen display Format:default
2024-03-25 05:35:13,383 INFO     root            Display format: "default"
2024-03-25 05:35:13,384 DEBUG    root            SDK update checks are disabled.
